<?xml version="1.0" encoding="UTF-8"?>
<!-- Generated by org.testng.reporters.JUnitXMLReporter -->
<testsuite hostname="Kale-PC" tests="4" failures="0" timestamp="16 Jan 2017 04:43:36 GMT" time="17.243" errors="0">
  <testcase name="SearchButton" time="0.123" classname="TestingJenkinsSelInt"/>
  <testcase name="logoCheck" time="0.036" classname="TestingJenkinsSelInt"/>
  <testcase name="searchBarCheck" time="0.038" classname="TestingJenkinsSelInt"/>
  <testcase name="testWebTitle" time="0.017" classname="TestingJenkinsSelInt"/>
</testsuite>
